<?xml version="1.0" encoding="UTF-8"?>
<!-- Generated by org.testng.reporters.JUnitReportReporter -->
<testsuite hostname="DESKTOP-DL1MHBB" failures="0" tests="2" name="com.QA.TestExecution.TestExecution" time="12.331" errors="0" timestamp="2022-01-21T23:27:04 IST" skipped="0">
  <testcase classname="com.QA.TestExecution.TestExecution" name="SignIn" time="8.893"/>
  <system-out/>
  <testcase classname="com.QA.TestExecution.TestExecution" name="CheckLogo" time="3.438"/>
  <system-out/>
</testsuite> <!-- com.QA.TestExecution.TestExecution -->
